c:\users\mhr\documents\visual studio 2013\projects\systemtray\systemtray\debug\vc120.pdb
c:\users\mhr\documents\visual studio 2013\projects\systemtray\systemtray\debug\vc120.idb
c:\users\mhr\documents\visual studio 2013\projects\systemtray\systemtray\debug\robot.obj
c:\users\mhr\documents\visual studio 2013\projects\systemtray\systemtray\debug\main.obj
d:\programming\_project\server-client-socket-mouse\systemtray\systemtray\debug\vc120.pdb
d:\programming\_project\server-client-socket-mouse\systemtray\systemtray\debug\vc120.idb
d:\programming\_project\server-client-socket-mouse\systemtray\systemtray\debug\robot.obj
d:\programming\_project\server-client-socket-mouse\systemtray\systemtray\debug\main.obj
c:\users\mhr\documents\visual studio 2013\projects\systemtray\debug\systemtray.ilk
c:\users\mhr\documents\visual studio 2013\projects\systemtray\debug\systemtray.exe
c:\users\mhr\documents\visual studio 2013\projects\systemtray\debug\systemtray.pdb
d:\programming\_project\server-client-socket-mouse\systemtray\debug\systemtray.ilk
d:\programming\_project\server-client-socket-mouse\systemtray\debug\systemtray.exe
d:\programming\_project\server-client-socket-mouse\systemtray\debug\systemtray.pdb
c:\users\mhr\documents\visual studio 2013\projects\systemtray\systemtray\debug\resource.res
d:\programming\_project\server-client-socket-mouse\systemtray\systemtray\debug\resource.res
d:\programming\_project\server-client-socket-mouse\systemtray\systemtray\debug\systemtray.tlog\cl.command.1.tlog
d:\programming\_project\server-client-socket-mouse\systemtray\systemtray\debug\systemtray.tlog\cl.read.1.tlog
d:\programming\_project\server-client-socket-mouse\systemtray\systemtray\debug\systemtray.tlog\cl.write.1.tlog
d:\programming\_project\server-client-socket-mouse\systemtray\systemtray\debug\systemtray.tlog\link.command.1.tlog
d:\programming\_project\server-client-socket-mouse\systemtray\systemtray\debug\systemtray.tlog\link.read.1.tlog
d:\programming\_project\server-client-socket-mouse\systemtray\systemtray\debug\systemtray.tlog\link.write.1.tlog
d:\programming\_project\server-client-socket-mouse\systemtray\systemtray\debug\systemtray.tlog\rc.command.1.tlog
d:\programming\_project\server-client-socket-mouse\systemtray\systemtray\debug\systemtray.tlog\rc.read.1.tlog
d:\programming\_project\server-client-socket-mouse\systemtray\systemtray\debug\systemtray.tlog\rc.write.1.tlog
